<?xml version="1.0" encoding="UTF-8"?>
<testsuite name="com.bill.demo.service.impl.DefaultActorServiceImplTest" tests="1" skipped="0" failures="0" errors="0" timestamp="2023-04-07T04:42:41" hostname="shrikants-mbp.lan" time="0.74">
  <properties/>
  <testcase name="whenGetActor_thenReturnActor()" classname="com.bill.demo.service.impl.DefaultActorServiceImplTest" time="0.74"/>
  <system-out><![CDATA[]]></system-out>
  <system-err><![CDATA[]]></system-err>
</testsuite>
